c:\users\sakai.kengo\documents\3年次科目\個人制作\就職作品\directx_game\debug\vc141.pdb
c:\users\sakai.kengo\documents\3年次科目\個人制作\就職作品\directx_game\debug\vc141.idb
c:\users\sakai.kengo\documents\3年次科目\個人制作\就職作品\directx_game\debug\rankingscore.obj
c:\users\sakai.kengo\documents\3年次科目\個人制作\就職作品\directx_game\debug\renderer.obj
c:\users\sakai.kengo\documents\3年次科目\個人制作\就職作品\directx_game\debug\result.obj
c:\users\sakai.kengo\documents\3年次科目\個人制作\就職作品\directx_game\debug\scene.obj
c:\users\sakai.kengo\documents\3年次科目\個人制作\就職作品\directx_game\debug\scene2d.obj
c:\users\sakai.kengo\documents\3年次科目\個人制作\就職作品\directx_game\debug\scene3d.obj
c:\users\sakai.kengo\documents\3年次科目\個人制作\就職作品\directx_game\debug\scenemanager.obj
c:\users\sakai.kengo\documents\3年次科目\個人制作\就職作品\directx_game\debug\score.obj
c:\users\sakai.kengo\documents\3年次科目\個人制作\就職作品\directx_game\debug\shader.obj
c:\users\sakai.kengo\documents\3年次科目\個人制作\就職作品\directx_game\debug\spherecollider.obj
c:\users\sakai.kengo\documents\3年次科目\個人制作\就職作品\directx_game\debug\startbutton.obj
c:\users\sakai.kengo\documents\3年次科目\個人制作\就職作品\directx_game\debug\startmodel.obj
c:\users\sakai.kengo\documents\3年次科目\個人制作\就職作品\directx_game\debug\startposition.obj
c:\users\sakai.kengo\documents\3年次科目\個人制作\就職作品\directx_game\debug\target.obj
c:\users\sakai.kengo\documents\3年次科目\個人制作\就職作品\directx_game\debug\targetrespawnposition.obj
c:\users\sakai.kengo\documents\3年次科目\個人制作\就職作品\directx_game\debug\texturemanager.obj
c:\users\sakai.kengo\documents\3年次科目\個人制作\就職作品\directx_game\debug\time.obj
c:\users\sakai.kengo\documents\3年次科目\個人制作\就職作品\directx_game\debug\title.obj
c:\users\sakai.kengo\documents\3年次科目\個人制作\就職作品\directx_game\debug\titlelogo.obj
c:\users\sakai.kengo\documents\3年次科目\個人制作\就職作品\directx_game\debug\xboxinput.obj
c:\users\sakai.kengo\documents\3年次科目\個人制作\就職作品\directx_game\debug\input.obj
c:\users\sakai.kengo\documents\3年次科目\個人制作\就職作品\directx_game\debug\item.obj
c:\users\sakai.kengo\documents\3年次科目\個人制作\就職作品\directx_game\debug\light.obj
c:\users\sakai.kengo\documents\3年次科目\個人制作\就職作品\directx_game\debug\main.obj
c:\users\sakai.kengo\documents\3年次科目\個人制作\就職作品\directx_game\debug\manager.obj
c:\users\sakai.kengo\documents\3年次科目\個人制作\就職作品\directx_game\debug\meshdome.obj
c:\users\sakai.kengo\documents\3年次科目\個人制作\就職作品\directx_game\debug\meshdraw.obj
c:\users\sakai.kengo\documents\3年次科目\個人制作\就職作品\directx_game\debug\meshfield.obj
c:\users\sakai.kengo\documents\3年次科目\個人制作\就職作品\directx_game\debug\minimap.obj
c:\users\sakai.kengo\documents\3年次科目\個人制作\就職作品\directx_game\debug\minimapplayer.obj
c:\users\sakai.kengo\documents\3年次科目\個人制作\就職作品\directx_game\debug\model.obj
c:\users\sakai.kengo\documents\3年次科目\個人制作\就職作品\directx_game\debug\modelmanager.obj
c:\users\sakai.kengo\documents\3年次科目\個人制作\就職作品\directx_game\debug\number.obj
c:\users\sakai.kengo\documents\3年次科目\個人制作\就職作品\directx_game\debug\particle.obj
c:\users\sakai.kengo\documents\3年次科目\個人制作\就職作品\directx_game\debug\particlebillboard.obj
c:\users\sakai.kengo\documents\3年次科目\個人制作\就職作品\directx_game\debug\particlemanager.obj
c:\users\sakai.kengo\documents\3年次科目\個人制作\就職作品\directx_game\debug\pause.obj
c:\users\sakai.kengo\documents\3年次科目\個人制作\就職作品\directx_game\debug\physics.obj
c:\users\sakai.kengo\documents\3年次科目\個人制作\就職作品\directx_game\debug\player.obj
c:\users\sakai.kengo\documents\3年次科目\個人制作\就職作品\directx_game\debug\ranking.obj
c:\users\sakai.kengo\documents\3年次科目\個人制作\就職作品\directx_game\debug\basescene.obj
c:\users\sakai.kengo\documents\3年次科目\個人制作\就職作品\directx_game\debug\building.obj
c:\users\sakai.kengo\documents\3年次科目\個人制作\就職作品\directx_game\debug\bullet.obj
c:\users\sakai.kengo\documents\3年次科目\個人制作\就職作品\directx_game\debug\camera.obj
c:\users\sakai.kengo\documents\3年次科目\個人制作\就職作品\directx_game\debug\cloud.obj
c:\users\sakai.kengo\documents\3年次科目\個人制作\就職作品\directx_game\debug\collision.obj
c:\users\sakai.kengo\documents\3年次科目\個人制作\就職作品\directx_game\debug\cubecollider.obj
c:\users\sakai.kengo\documents\3年次科目\個人制作\就職作品\directx_game\debug\debugfont.obj
c:\users\sakai.kengo\documents\3年次科目\個人制作\就職作品\directx_game\debug\enemymodel.obj
c:\users\sakai.kengo\documents\3年次科目\個人制作\就職作品\directx_game\debug\baseenemystatus.obj
c:\users\sakai.kengo\documents\3年次科目\個人制作\就職作品\directx_game\debug\exprode.obj
c:\users\sakai.kengo\documents\3年次科目\個人制作\就職作品\directx_game\debug\fade.obj
c:\users\sakai.kengo\documents\3年次科目\個人制作\就職作品\directx_game\debug\file.obj
c:\users\sakai.kengo\documents\3年次科目\個人制作\就職作品\directx_game\debug\fire.obj
c:\users\sakai.kengo\documents\3年次科目\個人制作\就職作品\directx_game\debug\game.obj
c:\users\sakai.kengo\documents\3年次科目\個人制作\就職作品\directx_game\debug\gaugebox.obj
c:\users\sakai.kengo\documents\3年次科目\個人制作\就職作品\directx_game\debug\gaugemeter.obj
c:\users\sakai.kengo\documents\3年次科目\個人制作\就職作品\directx_game\debug\goalmodel.obj
c:\users\sakai.kengo\documents\3年次科目\個人制作\就職作品\directx_game\debug\goalposition.obj
c:\users\sakai.kengo\documents\3年次科目\個人制作\就職作品\directx_game\debug\pixelshader.cso
c:\users\sakai.kengo\documents\3年次科目\個人制作\就職作品\directx_game\debug\vertexshader.cso
c:\users\sakai.kengo\documents\3年次科目\個人制作\就職作品\directx_game\debug\directx_game.exe
c:\users\sakai.kengo\documents\3年次科目\個人制作\就職作品\directx_game\debug\directx_game.ilk
c:\users\sakai.kengo\documents\3年次科目\個人制作\就職作品\directx_game\debug\directx_game.pdb
c:\users\sakai.kengo\documents\3年次科目\個人制作\就職作品\directx_game\debug\explosion.obj
c:\users\sakai.kengo\documents\3年次科目\個人制作\就職作品\directx_game\debug\thunder.obj
c:\users\sakai.kengo\documents\3年次科目\個人制作\就職作品\directx_game\debug\treemodel.obj
c:\users\sakai.kengo\documents\3年次科目\個人制作\就職作品\directx_game\debug\directx_game.tlog\cl.command.1.tlog
c:\users\sakai.kengo\documents\3年次科目\個人制作\就職作品\directx_game\debug\directx_game.tlog\cl.read.1.tlog
c:\users\sakai.kengo\documents\3年次科目\個人制作\就職作品\directx_game\debug\directx_game.tlog\cl.write.1.tlog
c:\users\sakai.kengo\documents\3年次科目\個人制作\就職作品\directx_game\debug\directx_game.tlog\directx_game.write.1u.tlog
c:\users\sakai.kengo\documents\3年次科目\個人制作\就職作品\directx_game\debug\directx_game.tlog\fxc.command.1.tlog
c:\users\sakai.kengo\documents\3年次科目\個人制作\就職作品\directx_game\debug\directx_game.tlog\fxc.read.1.tlog
c:\users\sakai.kengo\documents\3年次科目\個人制作\就職作品\directx_game\debug\directx_game.tlog\fxc.write.1.tlog
c:\users\sakai.kengo\documents\3年次科目\個人制作\就職作品\directx_game\debug\directx_game.tlog\link.command.1.tlog
c:\users\sakai.kengo\documents\3年次科目\個人制作\就職作品\directx_game\debug\directx_game.tlog\link.read.1.tlog
c:\users\sakai.kengo\documents\3年次科目\個人制作\就職作品\directx_game\debug\directx_game.tlog\link.write.1.tlog
